[2023-01-27 00:45:44] [WARNING]: 语音文件 77A3DD6916D12352C2127903D06E7F9C.amr 下载失败: Get "http://grouptalk.c2c.qq.com": EOF 
[2023-01-27 01:08:34] [WARNING]: 群消息发送失败: 账号可能被风控. 
[2023-01-27 04:44:54] [WARNING]: 监听反向WS Universal时出现错误: websocket: close 1006 (abnormal closure): unexpected EOF 
[2023-01-27 04:51:25] [WARNING]: 向反向WS Universal服务器推送 Event 时出现错误: write tcp 192.168.1.101:50293->43.248.98.5:65000: use of closed network connection 
[2023-01-27 06:03:06] [WARNING]: 群消息发送失败: 账号可能被风控. 
[2023-01-27 06:23:10] [WARNING]: 群消息发送失败: 账号可能被风控. 
[2023-01-27 07:14:36] [WARNING]: 群消息发送失败: 账号可能被风控. 
[2023-01-27 09:59:25] [WARNING]: 群消息发送失败: 账号可能被风控. 
[2023-01-27 10:00:51] [WARNING]: 群消息发送失败: 账号可能被风控. 
[2023-01-27 10:35:22] [WARNING]: 群消息发送失败: 账号可能被风控. 
[2023-01-27 10:54:20] [WARNING]: 群消息发送失败: 账号可能被风控. 
[2023-01-27 11:11:38] [WARNING]: 群消息发送失败: 账号可能被风控. 
[2023-01-27 12:20:19] [WARNING]: 群消息发送失败: 账号可能被风控. 
[2023-01-27 12:22:32] [WARNING]: 群消息发送失败: 账号可能被风控. 
[2023-01-27 12:22:47] [WARNING]: 群消息发送失败: 账号可能被风控. 
[2023-01-27 12:35:06] [WARNING]: 群消息发送失败: 账号可能被风控. 
[2023-01-27 12:35:21] [WARNING]: 群消息发送失败: 账号可能被风控. 
[2023-01-27 12:37:40] [WARNING]: 群消息发送失败: 账号可能被风控. 
[2023-01-27 12:44:45] [WARNING]: 群消息发送失败: 账号可能被风控. 
[2023-01-27 12:50:16] [WARNING]: 群消息发送失败: 账号可能被风控. 
[2023-01-27 12:54:16] [WARNING]: 群消息发送失败: 账号可能被风控. 
[2023-01-27 12:57:57] [WARNING]: 群消息发送失败: 账号可能被风控. 
[2023-01-27 13:15:35] [WARNING]: 警告: 心跳功能已关闭，若非预期，请检查配置文件。 
[2023-01-27 13:21:19] [WARNING]: 警告: 心跳功能已关闭，若非预期，请检查配置文件。 
[2023-01-27 14:31:45] [WARNING]: 警告: 心跳功能已关闭，若非预期，请检查配置文件。 
[2023-01-27 20:56:28] [WARNING]: 恢复会话失败: token failed , 尝试使用正常流程登录. 
[2023-01-27 20:56:35] [WARNING]: 登录需要滑条验证码, 请使用手机QQ扫描二维码以继续登录. 
[2023-01-27 20:57:24] [WARNING]: 登录需要滑条验证码, 请使用手机QQ扫描二维码以继续登录. 
[2023-01-27 20:57:37] [WARNING]: 警告: 心跳功能已关闭，若非预期，请检查配置文件。 
[2023-01-27 20:59:52] [WARNING]: 群消息发送失败: 账号可能被风控. 
[2023-01-27 21:10:22] [WARNING]: 语音文件 0776D1BF-E199-D1DD-39CC-36E666C1F7F4.amr 下载失败: Get "http://grouptalk.c2c.qq.com": EOF 
[2023-01-27 21:11:28] [WARNING]: 语音文件 B219644A-44A8-4980-EEE6-4B76F3C9ED0E.amr 下载失败: Get "http://grouptalk.c2c.qq.com": EOF 
[2023-01-27 23:25:52] [WARNING]: 警告: 心跳功能已关闭，若非预期，请检查配置文件。 
