[2023-01-22 00:12:44] [WARNING]: 语音文件 EA283AB9-741F-041F-4C79-3976B7986FCA.amr 下载失败: Get "http://grouptalk.c2c.qq.com": EOF 
[2023-01-22 00:12:57] [WARNING]: 语音文件 ECEAE40194A25CA5FEAA286C3CD90A92.amr 下载失败: Get "http://grouptalk.c2c.qq.com": EOF 
[2023-01-22 00:12:57] [WARNING]: 语音文件 9A005E44157AADA6CD1E6097FAEE33EE.amr 下载失败: Get "http://grouptalk.c2c.qq.com": EOF 
[2023-01-22 00:13:10] [WARNING]: 语音文件 0122FF3C1C1469DE4E0BB5E1B451AFD4.amr 下载失败: Get "http://grouptalk.c2c.qq.com": EOF 
[2023-01-22 00:13:10] [WARNING]: 语音文件 731A8E638CC970153E2ACD6FCC4CBADE.amr 下载失败: Get "http://grouptalk.c2c.qq.com": EOF 
[2023-01-22 00:14:16] [WARNING]: 语音文件 271281D069B07ACF495B14302DC32547.amr 下载失败: Get "http://grouptalk.c2c.qq.com": EOF 
[2023-01-22 00:14:42] [WARNING]: 语音文件 2F8A6DCB-CD38-2046-F753-E42D1A500BFE.amr 下载失败: Get "http://grouptalk.c2c.qq.com": EOF 
[2023-01-22 00:15:33] [WARNING]: 语音文件 EEF736DF-20BE-9DB2-A0B9-B7835EB714B7.amr 下载失败: Get "http://grouptalk.c2c.qq.com": EOF 
[2023-01-22 00:21:21] [ERROR]: Protocol -> sendPacket msg error: 120  
[2023-01-22 00:21:27] [WARNING]: 群消息发送失败: 账号可能被风控. 
[2023-01-22 00:23:41] [ERROR]: Protocol -> sendPacket msg error: 120  
[2023-01-22 00:23:46] [WARNING]: 群消息发送失败: 账号可能被风控. 
[2023-01-22 00:25:18] [ERROR]: Protocol -> sendPacket msg error: 120  
[2023-01-22 00:25:23] [WARNING]: 群消息发送失败: 账号可能被风控. 
[2023-01-22 00:26:23] [ERROR]: Protocol -> sendPacket msg error: 120  
[2023-01-22 00:26:28] [WARNING]: 群消息发送失败: 账号可能被风控. 
[2023-01-22 00:26:46] [ERROR]: Protocol -> sendPacket msg error: 120  
[2023-01-22 00:26:51] [WARNING]: 群消息发送失败: 账号可能被风控. 
[2023-01-22 00:28:59] [WARNING]: 语音文件 A12E8D0E6D1A67E4D5950399C72B9A51.amr 下载失败: Get "http://grouptalk.c2c.qq.com": EOF 
[2023-01-22 00:28:59] [WARNING]: 语音文件 87B201816CB3CA2161A43C28AE498ADF.amr 下载失败: Get "http://grouptalk.c2c.qq.com": EOF 
[2023-01-22 00:28:59] [WARNING]: 语音文件 858E521D-7465-0440-29EB-DDD2E1CF747C.amr 下载失败: Get "http://grouptalk.c2c.qq.com": EOF 
[2023-01-22 00:28:59] [WARNING]: 语音文件 3B760728CFD563C7EFE13295C08B6B59.amr 下载失败: Get "http://grouptalk.c2c.qq.com": EOF 
[2023-01-22 00:28:59] [WARNING]: 语音文件 69C885CF6B1828D8307DF8F6EC8B5C31.amr 下载失败: Get "http://grouptalk.c2c.qq.com": EOF 
[2023-01-22 00:29:25] [WARNING]: 语音文件 E0428FDC0B8D29B5C0776BCDE46FA1AE.amr 下载失败: Get "http://grouptalk.c2c.qq.com": EOF 
[2023-01-22 00:31:47] [WARNING]: 语音文件 ABAD2FB08C5BC36E6D322630C6655C20.amr 下载失败: Get "http://grouptalk.c2c.qq.com": EOF 
[2023-01-22 00:33:16] [WARNING]: 语音文件 1E35D58A97801ADA7190E07E3F341EA7.amr 下载失败: Get "http://grouptalk.c2c.qq.com": EOF 
[2023-01-22 00:33:16] [WARNING]: 语音文件 7A7047B6485BC54FC650392D8B5A7689.amr 下载失败: Get "http://grouptalk.c2c.qq.com": EOF 
[2023-01-22 00:33:29] [WARNING]: 语音文件 C49FCD57221217B1C82DDBABA1687679.amr 下载失败: Get "http://grouptalk.c2c.qq.com": EOF 
[2023-01-22 00:33:29] [WARNING]: 语音文件 34F4866EA07EBCD9F6B2EFE82E327410.amr 下载失败: Get "http://grouptalk.c2c.qq.com": EOF 
[2023-01-22 00:33:29] [WARNING]: 语音文件 FB177E8E3B901E20912C8F171F714D73.amr 下载失败: Get "http://grouptalk.c2c.qq.com": EOF 
[2023-01-22 00:33:29] [WARNING]: 语音文件 61A83D548E83B71ED5DE036B4CA04597.amr 下载失败: Get "http://grouptalk.c2c.qq.com": EOF 
[2023-01-22 00:33:42] [WARNING]: 语音文件 A75E8BB04921603D2D51B11078539290.amr 下载失败: Get "http://grouptalk.c2c.qq.com": EOF 
[2023-01-22 00:33:42] [WARNING]: 语音文件 DE4F53BC0E72E3FEF599A8C07CF07165.amr 下载失败: Get "http://grouptalk.c2c.qq.com": EOF 
[2023-01-22 00:33:42] [WARNING]: 语音文件 6D3B978AF560F64A6B7A3DDD5BBC88B1.amr 下载失败: Get "http://grouptalk.c2c.qq.com": EOF 
[2023-01-22 00:35:24] [ERROR]: Protocol -> sendPacket msg error: 120  
[2023-01-22 00:35:28] [WARNING]: 语音文件 9F1B2B1AD2EAFB5E5675D4B53DAE0B9D.amr 下载失败: Get "http://grouptalk.c2c.qq.com": EOF 
[2023-01-22 00:35:29] [WARNING]: 群消息发送失败: 账号可能被风控. 
[2023-01-22 00:35:41] [WARNING]: 语音文件 AE72515CDE74A9C76C4C81CF26B26060.amr 下载失败: Get "http://grouptalk.c2c.qq.com": EOF 
[2023-01-22 00:36:54] [ERROR]: Protocol -> sendPacket msg error: 120  
[2023-01-22 00:36:59] [WARNING]: 群消息发送失败: 账号可能被风控. 
[2023-01-22 00:40:21] [ERROR]: Protocol -> sendPacket msg error: 120  
[2023-01-22 00:40:26] [WARNING]: 群消息发送失败: 账号可能被风控. 
[2023-01-22 00:44:15] [WARNING]: 语音文件 10111DD4235F312BB312716DB7A3CDBF.amr 下载失败: Get "http://grouptalk.c2c.qq.com": EOF 
[2023-01-22 00:47:36] [WARNING]: 语音文件 EEE8F20EE29CFD96DB48066BD1D223C9.amr 下载失败: Get "http://grouptalk.c2c.qq.com": EOF 
[2023-01-22 00:52:29] [WARNING]: 语音文件 3C8302F21D4E941228DD634ED1884833.amr 下载失败: Get "http://grouptalk.c2c.qq.com": EOF 
[2023-01-22 00:52:55] [WARNING]: 语音文件 9A4688FFC59B77492011DDE776FB3775.amr 下载失败: Get "http://grouptalk.c2c.qq.com": EOF 
[2023-01-22 00:55:11] [WARNING]: 语音文件 298895F2AEC22688E9BDB84513E84D9C.amr 下载失败: Get "http://grouptalk.c2c.qq.com": EOF 
[2023-01-22 00:55:42] [WARNING]: 语音文件 E2026AEC-C1C9-9626-EEED-146B5A244C73.amr 下载失败: Get "http://grouptalk.c2c.qq.com": EOF 
[2023-01-22 00:57:42] [WARNING]: 语音文件 A0E7C0272710371C47D55F06EE86C4F7.amr 下载失败: Get "http://grouptalk.c2c.qq.com": EOF 
[2023-01-22 00:58:48] [ERROR]: Protocol -> sendPacket msg error: 120  
[2023-01-22 00:58:53] [WARNING]: 群消息发送失败: 账号可能被风控. 
[2023-01-22 00:58:57] [ERROR]: Protocol -> sendPacket msg error: 120  
[2023-01-22 00:59:02] [WARNING]: 群消息发送失败: 账号可能被风控. 
[2023-01-22 00:59:17] [WARNING]: 语音文件 57FC7BF747B27D08D8F0610FA484F9FB.amr 下载失败: Get "http://grouptalk.c2c.qq.com": EOF 
[2023-01-22 00:59:43] [WARNING]: 语音文件 14CC68322BEDD798C1F9D8D629265FBE.amr 下载失败: Get "http://grouptalk.c2c.qq.com": EOF 
[2023-01-22 00:59:51] [ERROR]: Protocol -> sendPacket msg error: 120  
[2023-01-22 00:59:56] [WARNING]: 群消息发送失败: 账号可能被风控. 
[2023-01-22 01:00:03] [WARNING]: 语音文件 6CDF08EA332E8091AE456B5FDD874500.amr 下载失败: Get "http://grouptalk.c2c.qq.com": EOF 
[2023-01-22 01:00:04] [WARNING]: 语音文件 2A609028171887E0BCFFF4657DB359FC.amr 下载失败: Get "http://grouptalk.c2c.qq.com": EOF 
[2023-01-22 01:00:11] [ERROR]: Protocol -> sendPacket msg error: 120  
[2023-01-22 01:00:16] [WARNING]: 群消息发送失败: 账号可能被风控. 
[2023-01-22 01:01:22] [ERROR]: Protocol -> sendPacket msg error: 120  
[2023-01-22 01:01:27] [WARNING]: 群消息发送失败: 账号可能被风控. 
[2023-01-22 01:01:31] [ERROR]: Protocol -> sendPacket msg error: 120  
[2023-01-22 01:01:36] [WARNING]: 群消息发送失败: 账号可能被风控. 
[2023-01-22 01:01:53] [ERROR]: Protocol -> sendPacket msg error: 120  
[2023-01-22 01:01:58] [WARNING]: 群消息发送失败: 账号可能被风控. 
[2023-01-22 01:02:30] [ERROR]: Protocol -> sendPacket msg error: 120  
[2023-01-22 01:02:35] [WARNING]: 群消息发送失败: 账号可能被风控. 
[2023-01-22 01:02:54] [ERROR]: Protocol -> sendPacket msg error: 120  
[2023-01-22 01:02:59] [WARNING]: 群消息发送失败: 账号可能被风控. 
[2023-01-22 01:03:54] [ERROR]: Protocol -> sendPacket msg error: 120  
[2023-01-22 01:03:59] [WARNING]: 群消息发送失败: 账号可能被风控. 
[2023-01-22 01:05:56] [ERROR]: Protocol -> sendPacket msg error: 120  
[2023-01-22 01:06:00] [WARNING]: 群消息发送失败: 账号可能被风控. 
[2023-01-22 01:06:20] [ERROR]: Protocol -> sendPacket msg error: 120  
[2023-01-22 01:06:24] [WARNING]: 群消息发送失败: 账号可能被风控. 
[2023-01-22 01:06:52] [ERROR]: Protocol -> sendPacket msg error: 120  
[2023-01-22 01:06:57] [WARNING]: 群消息发送失败: 账号可能被风控. 
[2023-01-22 01:08:12] [WARNING]: 语音文件 D7259AEACBAFE6FC186DC676DFEA5F3F.amr 下载失败: Get "http://grouptalk.c2c.qq.com": EOF 
[2023-01-22 01:09:24] [ERROR]: Protocol -> sendPacket msg error: 120  
[2023-01-22 01:09:29] [WARNING]: 群消息发送失败: 账号可能被风控. 
[2023-01-22 01:11:30] [ERROR]: Protocol -> sendPacket msg error: 120  
[2023-01-22 01:11:35] [WARNING]: 群消息发送失败: 账号可能被风控. 
[2023-01-22 01:13:58] [ERROR]: Protocol -> sendPacket msg error: 120  
[2023-01-22 01:14:02] [WARNING]: 群消息发送失败: 账号可能被风控. 
[2023-01-22 01:18:10] [ERROR]: Protocol -> sendPacket msg error: 120  
[2023-01-22 01:18:15] [WARNING]: 群消息发送失败: 账号可能被风控. 
[2023-01-22 01:20:17] [ERROR]: Protocol -> sendPacket msg error: 120  
[2023-01-22 01:20:22] [WARNING]: 群消息发送失败: 账号可能被风控. 
[2023-01-22 01:21:30] [ERROR]: Protocol -> sendPacket msg error: 120  
[2023-01-22 01:21:35] [WARNING]: 群消息发送失败: 账号可能被风控. 
[2023-01-22 01:22:49] [ERROR]: Protocol -> sendPacket msg error: 120  
[2023-01-22 01:22:54] [WARNING]: 群消息发送失败: 账号可能被风控. 
[2023-01-22 01:25:08] [ERROR]: Protocol -> sendPacket msg error: 120  
[2023-01-22 01:25:13] [WARNING]: 群消息发送失败: 账号可能被风控. 
[2023-01-22 01:32:23] [ERROR]: Protocol -> sendPacket msg error: 120  
[2023-01-22 01:32:28] [WARNING]: 群消息发送失败: 账号可能被风控. 
[2023-01-22 01:43:18] [ERROR]: Protocol -> sendPacket msg error: 120  
[2023-01-22 01:43:24] [WARNING]: 群消息发送失败: 账号可能被风控. 
[2023-01-22 01:45:08] [WARNING]: 语音文件 8024D7BA-2248-7385-0D3D-E4240D4A660A.amr 下载失败: Get "http://grouptalk.c2c.qq.com": EOF 
[2023-01-22 02:13:24] [WARNING]: 语音文件 DC82CD98-39BF-CFB2-00DD-F108EF9830B4.amr 下载失败: Get "http://grouptalk.c2c.qq.com": EOF 
[2023-01-22 04:43:00] [WARNING]: 监听反向WS Universal时出现错误: websocket: close 1006 (abnormal closure): unexpected EOF 
[2023-01-22 05:26:54] [WARNING]: 向反向WS Universal服务器推送 Event 时出现错误: write tcp 192.168.1.103:57565->43.248.98.5:65000: use of closed network connection 
[2023-01-22 05:46:15] [WARNING]: 语音文件 E10D7372-620B-C2E9-A33E-243A0C578C91.amr 下载失败: Get "http://grouptalk.c2c.qq.com": EOF 
[2023-01-22 05:46:41] [WARNING]: 语音文件 E2E50C00-6986-E84B-BE03-92D4176E958E.amr 下载失败: Get "http://grouptalk.c2c.qq.com": EOF 
[2023-01-22 09:20:06] [WARNING]: 语音文件 CBCE128719433D36F622834978B28A89.amr 下载失败: Get "http://grouptalk.c2c.qq.com": EOF 
[2023-01-22 09:25:31] [WARNING]: 语音文件 4F9CDDF8F2EE02673734D7E58FCC9273.amr 下载失败: Get "http://grouptalk.c2c.qq.com": EOF 
[2023-01-22 09:26:56] [WARNING]: 语音文件 268DA238-D633-CB11-CAC4-4CDCE960460A.amr 下载失败: Get "http://grouptalk.c2c.qq.com": EOF 
[2023-01-22 09:27:35] [WARNING]: 语音文件 74D76CD7C52CB1691934E5F342DCB2CD.amr 下载失败: Get "http://grouptalk.c2c.qq.com": EOF 
[2023-01-22 10:34:12] [WARNING]: 语音文件 9DA1412356EFDD859B561FE7450027DA.amr 下载失败: Get "http://grouptalk.c2c.qq.com": EOF 
[2023-01-22 10:35:58] [WARNING]: 语音文件 783E1F56C95A2473D11B6A76F2938F22.amr 下载失败: Get "http://grouptalk.c2c.qq.com": EOF 
[2023-01-22 10:37:53] [WARNING]: 语音文件 97F1EC22D246B8C81C58BD032B95C9EC.amr 下载失败: Get "http://grouptalk.c2c.qq.com": EOF 
[2023-01-22 10:43:53] [WARNING]: 语音文件 EE8733D42E9EEFE69D6FD01F2C45D0E1.amr 下载失败: Get "http://grouptalk.c2c.qq.com": EOF 
[2023-01-22 10:47:12] [ERROR]: Protocol -> sendPacket msg error: 120  
[2023-01-22 10:47:17] [WARNING]: 群消息发送失败: 账号可能被风控. 
[2023-01-22 10:53:19] [ERROR]: Protocol -> sendPacket msg error: 120  
[2023-01-22 10:53:23] [WARNING]: 群消息发送失败: 账号可能被风控. 
[2023-01-22 11:45:13] [WARNING]: 语音文件 677DB885BA6AED69C5F21DCC36E8141F.amr 下载失败: Get "http://grouptalk.c2c.qq.com": EOF 
[2023-01-22 12:09:31] [ERROR]: Protocol -> sendPacket msg error: 120  
[2023-01-22 12:09:35] [WARNING]: 群消息发送失败: 账号可能被风控. 
[2023-01-22 12:09:38] [WARNING]: 语音文件 8CBF576F-861F-BC9A-599C-5D04E022F742.amr 下载失败: Get "http://grouptalk.c2c.qq.com": EOF 
[2023-01-22 12:12:43] [WARNING]: 语音文件 5647DC13-7D4D-FE68-A762-FDD51CB83515.amr 下载失败: Get "http://grouptalk.c2c.qq.com": EOF 
[2023-01-22 12:13:00] [ERROR]: Protocol -> sendPacket msg error: 120  
[2023-01-22 12:13:05] [WARNING]: 群消息发送失败: 账号可能被风控. 
[2023-01-22 12:55:46] [ERROR]: Protocol -> sendPacket msg error: 120  
[2023-01-22 12:55:50] [WARNING]: 群消息发送失败: 账号可能被风控. 
[2023-01-22 13:41:08] [ERROR]: Protocol -> sendPacket msg error: 120  
[2023-01-22 13:41:13] [WARNING]: 群消息发送失败: 账号可能被风控. 
[2023-01-22 13:46:04] [ERROR]: Protocol -> sendPacket msg error: 120  
[2023-01-22 13:46:09] [WARNING]: 群消息发送失败: 账号可能被风控. 
[2023-01-22 13:49:16] [ERROR]: Protocol -> sendPacket msg error: 120  
[2023-01-22 13:49:20] [WARNING]: 群消息发送失败: 账号可能被风控. 
[2023-01-22 14:05:14] [ERROR]: Protocol -> sendPacket msg error: 120  
[2023-01-22 14:05:19] [WARNING]: 群消息发送失败: 账号可能被风控. 
[2023-01-22 14:14:47] [ERROR]: Protocol -> sendPacket msg error: 120  
[2023-01-22 14:14:52] [WARNING]: 群消息发送失败: 账号可能被风控. 
[2023-01-22 14:17:07] [ERROR]: Protocol -> sendPacket msg error: 120  
[2023-01-22 14:17:11] [WARNING]: 群消息发送失败: 账号可能被风控. 
[2023-01-22 14:19:44] [ERROR]: Protocol -> sendPacket msg error: 120  
[2023-01-22 14:19:48] [WARNING]: 群消息发送失败: 账号可能被风控. 
[2023-01-22 14:22:24] [ERROR]: Protocol -> sendPacket msg error: 120  
[2023-01-22 14:22:28] [WARNING]: 群消息发送失败: 账号可能被风控. 
[2023-01-22 14:58:33] [ERROR]: Protocol -> sendPacket msg error: 120  
[2023-01-22 14:58:38] [WARNING]: 群消息发送失败: 账号可能被风控. 
[2023-01-22 15:16:40] [WARNING]: 监听反向WS Universal时出现错误: websocket: close 1006 (abnormal closure): unexpected EOF 
[2023-01-22 15:17:00] [WARNING]: 向反向WS Universal服务器推送 Event 时出现错误: write tcp 192.168.1.103:57017->43.248.98.5:65000: use of closed network connection 
[2023-01-22 15:25:14] [WARNING]: 监听反向WS Universal时出现错误: websocket: close 1006 (abnormal closure): unexpected EOF 
[2023-01-22 15:25:46] [WARNING]: 向反向WS Universal服务器推送 Event 时出现错误: write tcp 192.168.1.103:55264->43.248.98.5:65000: use of closed network connection 
[2023-01-22 15:43:33] [WARNING]: 监听反向WS Universal时出现错误: websocket: close 1006 (abnormal closure): unexpected EOF 
[2023-01-22 15:43:38] [WARNING]: 向反向WS Universal服务器推送 Event 时出现错误: write tcp 192.168.1.103:55556->43.248.98.5:65000: use of closed network connection 
[2023-01-22 15:43:43] [WARNING]: 连接到反向WebSocket Universal服务器 ws://botws.desu.life:65000 时出现错误: dial tcp 43.248.98.5:65000: connectex: No connection could be made because the target machine actively refused it. 
[2023-01-22 16:12:08] [ERROR]: Protocol -> sendPacket msg error: 120  
[2023-01-22 16:12:13] [WARNING]: 群消息发送失败: 账号可能被风控. 
[2023-01-22 16:15:11] [WARNING]: 语音文件 F491F1391CE86285A717F0A51CDACA20.amr 下载失败: Get "http://grouptalk.c2c.qq.com": EOF 
[2023-01-22 16:26:04] [WARNING]: Bot已离线: 你的QQ号于16:26在【OPPO A57t】设备登录，当前设备已下线。如果这不是你本人操作，那么你的QQ密码可能已经泄露，请尽快重新登录并修改密码。 
[2023-01-22 16:26:07] [WARNING]: 将在 3 秒后尝试重连. 重连次数：2/0 
[2023-01-22 16:26:10] [WARNING]: 尝试重连... 
[2023-01-22 16:26:40] [WARNING]: 快速重连失败: register error: Packet timed out 
[2023-01-22 16:26:40] [WARNING]: 快速重连失败, 尝试普通登录. 这可能是因为其他端强行T下线导致的. 
[2023-01-22 16:26:42] [WARNING]: 登录需要滑条验证码, 请使用手机QQ扫描二维码以继续登录. 
[2023-01-22 16:28:43] [FATAL]: 二维码过期 
[2023-01-22 16:43:06] [WARNING]: 恢复会话失败: token failed , 尝试使用正常流程登录. 
[2023-01-22 16:43:08] [WARNING]: 登录需要滑条验证码, 请使用手机QQ扫描二维码以继续登录. 
[2023-01-22 16:43:51] [WARNING]: 登录需要滑条验证码, 请使用手机QQ扫描二维码以继续登录. 
[2023-01-22 16:44:03] [WARNING]: 警告: 心跳功能已关闭，若非预期，请检查配置文件。 
[2023-01-22 16:49:52] [WARNING]: 监听反向WS Universal时出现错误: websocket: close 1006 (abnormal closure): unexpected EOF 
[2023-01-22 16:49:56] [WARNING]: 向反向WS Universal服务器推送 Event 时出现错误: write tcp 192.168.1.103:58394->43.248.98.5:65000: use of closed network connection 
[2023-01-22 16:50:18] [WARNING]: 连接到反向WebSocket Universal服务器 ws://botws.desu.life:65000 时出现错误: read tcp 192.168.1.103:58820->43.248.98.5:65000: wsarecv: A connection attempt failed because the connected party did not properly respond after a period of time, or established connection failed because connected host has failed to respond. 
[2023-01-22 17:03:27] [WARNING]: 群消息发送失败: 账号可能被风控. 
[2023-01-22 17:09:24] [WARNING]: 群消息发送失败: 账号可能被风控. 
[2023-01-22 17:12:07] [WARNING]: 群消息发送失败: 账号可能被风控. 
[2023-01-22 17:19:59] [WARNING]: 监听反向WS Universal时出现错误: websocket: close 1006 (abnormal closure): unexpected EOF 
[2023-01-22 17:20:06] [WARNING]: 向反向WS Universal服务器推送 Event 时出现错误: write tcp 192.168.1.103:58833->43.248.98.5:65000: use of closed network connection 
[2023-01-22 18:00:19] [WARNING]: 语音文件 F16D79F7D7FE1E90977C566EEA2D638C.amr 下载失败: Get "http://grouptalk.c2c.qq.com": EOF 
[2023-01-22 18:18:27] [WARNING]: 群消息发送失败: 账号可能被风控. 
[2023-01-22 18:31:02] [WARNING]: 群消息发送失败: 账号可能被风控. 
[2023-01-22 19:18:54] [WARNING]: 群消息发送失败: 账号可能被风控. 
[2023-01-22 19:30:43] [WARNING]: 群消息发送失败: 账号可能被风控. 
[2023-01-22 19:36:40] [WARNING]: 监听反向WS Universal时出现错误: websocket: close 1006 (abnormal closure): unexpected EOF 
[2023-01-22 19:36:49] [WARNING]: 向反向WS Universal服务器推送 Event 时出现错误: write tcp 192.168.1.103:59891->43.248.98.5:65000: use of closed network connection 
[2023-01-22 19:42:19] [WARNING]: 监听反向WS Universal时出现错误: websocket: close 1006 (abnormal closure): unexpected EOF 
[2023-01-22 19:42:22] [WARNING]: 向反向WS Universal服务器推送 Event 时出现错误: write tcp 192.168.1.103:64814->43.248.98.5:65000: use of closed network connection 
[2023-01-22 19:42:35] [WARNING]: 连接到反向WebSocket Universal服务器 ws://botws.desu.life:65000 时出现错误: read tcp 192.168.1.103:65015->43.248.98.5:65000: wsarecv: An existing connection was forcibly closed by the remote host. 
[2023-01-22 20:13:09] [WARNING]: 监听反向WS Universal时出现错误: websocket: close 1006 (abnormal closure): unexpected EOF 
[2023-01-22 20:13:12] [WARNING]: 向反向WS Universal服务器推送 Event 时出现错误: write tcp 192.168.1.103:65024->43.248.98.5:65000: use of closed network connection 
[2023-01-22 22:36:38] [WARNING]: 群消息发送失败: 账号可能被风控. 
[2023-01-22 22:39:20] [WARNING]: 群消息发送失败: 账号可能被风控. 
[2023-01-22 22:42:55] [WARNING]: 群消息发送失败: 账号可能被风控. 
[2023-01-22 22:43:11] [WARNING]: 群消息发送失败: 账号可能被风控. 
[2023-01-22 22:43:44] [WARNING]: 群消息发送失败: 账号可能被风控. 
[2023-01-22 22:48:08] [WARNING]: 群消息发送失败: 账号可能被风控. 
[2023-01-22 22:49:36] [WARNING]: 群消息发送失败: 账号可能被风控. 
[2023-01-22 22:59:10] [WARNING]: 群消息发送失败: 账号可能被风控. 
[2023-01-22 23:04:04] [WARNING]: 群消息发送失败: 账号可能被风控. 
