[2023-01-31 00:06:15] [WARNING]: 语音文件 abb83d2ac2c67587aa01f0d02df583fe.amr 下载失败: Get "http://grouptalk.c2c.qq.com": EOF 
[2023-01-31 02:56:36] [ERROR]: Protocol -> sendPacket msg error: 120  
[2023-01-31 02:56:41] [WARNING]: 群消息发送失败: 账号可能被风控. 
[2023-01-31 02:56:58] [ERROR]: Protocol -> sendPacket msg error: 120  
[2023-01-31 02:57:03] [WARNING]: 群消息发送失败: 账号可能被风控. 
[2023-01-31 04:43:33] [WARNING]: 监听反向WS Universal时出现错误: websocket: close 1006 (abnormal closure): unexpected EOF 
[2023-01-31 04:57:07] [WARNING]: 向反向WS Universal服务器推送 Event 时出现错误: write tcp 192.168.1.101:65448->43.248.98.5:65000: use of closed network connection 
[2023-01-31 09:58:44] [ERROR]: Protocol -> sendPacket msg error: 120  
[2023-01-31 09:58:48] [WARNING]: 群消息发送失败: 账号可能被风控. 
[2023-01-31 09:59:13] [ERROR]: Protocol -> sendPacket msg error: 120  
[2023-01-31 09:59:18] [WARNING]: 群消息发送失败: 账号可能被风控. 
[2023-01-31 10:34:32] [ERROR]: Protocol -> sendPacket msg error: 120  
[2023-01-31 10:34:37] [WARNING]: 群消息发送失败: 账号可能被风控. 
[2023-01-31 10:39:48] [ERROR]: Protocol -> sendPacket msg error: 120  
[2023-01-31 10:39:53] [WARNING]: 群消息发送失败: 账号可能被风控. 
[2023-01-31 10:40:25] [ERROR]: Protocol -> sendPacket msg error: 120  
[2023-01-31 10:40:30] [WARNING]: 群消息发送失败: 账号可能被风控. 
[2023-01-31 10:43:16] [ERROR]: Protocol -> sendPacket msg error: 120  
[2023-01-31 10:43:21] [WARNING]: 群消息发送失败: 账号可能被风控. 
[2023-01-31 11:17:30] [ERROR]: Protocol -> sendPacket msg error: 120  
[2023-01-31 11:17:35] [WARNING]: 群消息发送失败: 账号可能被风控. 
[2023-01-31 11:25:59] [ERROR]: Protocol -> sendPacket msg error: 120  
[2023-01-31 11:26:04] [WARNING]: 群消息发送失败: 账号可能被风控. 
[2023-01-31 11:29:33] [ERROR]: Protocol -> sendPacket msg error: 120  
[2023-01-31 11:29:37] [WARNING]: 群消息发送失败: 账号可能被风控. 
[2023-01-31 11:30:54] [ERROR]: Protocol -> sendPacket msg error: 120  
[2023-01-31 11:30:59] [WARNING]: 群消息发送失败: 账号可能被风控. 
[2023-01-31 11:45:16] [ERROR]: Protocol -> sendPacket msg error: 120  
[2023-01-31 11:45:21] [WARNING]: 群消息发送失败: 账号可能被风控. 
[2023-01-31 11:52:44] [ERROR]: Protocol -> sendPacket msg error: 120  
[2023-01-31 11:52:48] [WARNING]: 群消息发送失败: 账号可能被风控. 
[2023-01-31 12:02:18] [ERROR]: Protocol -> sendPacket msg error: 120  
[2023-01-31 12:02:23] [WARNING]: 群消息发送失败: 账号可能被风控. 
[2023-01-31 12:09:32] [ERROR]: Protocol -> sendPacket msg error: 120  
[2023-01-31 12:09:37] [WARNING]: 群消息发送失败: 账号可能被风控. 
[2023-01-31 12:12:57] [ERROR]: Protocol -> sendPacket msg error: 120  
[2023-01-31 12:13:01] [WARNING]: 群消息发送失败: 账号可能被风控. 
[2023-01-31 12:13:06] [ERROR]: Protocol -> sendPacket msg error: 120  
[2023-01-31 12:13:11] [WARNING]: 群消息发送失败: 账号可能被风控. 
[2023-01-31 12:14:43] [ERROR]: Protocol -> sendPacket msg error: 120  
[2023-01-31 12:14:48] [WARNING]: 群消息发送失败: 账号可能被风控. 
[2023-01-31 12:14:49] [ERROR]: Protocol -> sendPacket msg error: 120  
[2023-01-31 12:14:54] [WARNING]: 群消息发送失败: 账号可能被风控. 
[2023-01-31 12:15:13] [ERROR]: Protocol -> sendPacket msg error: 120  
[2023-01-31 12:15:14] [ERROR]: Protocol -> sendPacket msg error: 120  
[2023-01-31 12:15:18] [WARNING]: 群消息发送失败: 账号可能被风控. 
[2023-01-31 12:15:19] [WARNING]: 群消息发送失败: 账号可能被风控. 
[2023-01-31 12:15:19] [ERROR]: Protocol -> sendPacket msg error: 120  
[2023-01-31 12:15:20] [ERROR]: Protocol -> sendPacket msg error: 120  
[2023-01-31 12:15:24] [WARNING]: 群消息发送失败: 账号可能被风控. 
[2023-01-31 12:15:25] [WARNING]: 群消息发送失败: 账号可能被风控. 
[2023-01-31 12:15:51] [ERROR]: Protocol -> sendPacket msg error: 120  
[2023-01-31 12:15:56] [WARNING]: 群消息发送失败: 账号可能被风控. 
[2023-01-31 12:15:57] [ERROR]: Protocol -> sendPacket msg error: 120  
[2023-01-31 12:15:58] [ERROR]: Protocol -> sendPacket msg error: 120  
[2023-01-31 12:16:02] [WARNING]: 群消息发送失败: 账号可能被风控. 
[2023-01-31 12:16:04] [WARNING]: 群消息发送失败: 账号可能被风控. 
[2023-01-31 12:16:05] [ERROR]: Protocol -> sendPacket msg error: 120  
[2023-01-31 12:16:09] [WARNING]: 群消息发送失败: 账号可能被风控. 
[2023-01-31 12:16:18] [ERROR]: Protocol -> sendPacket msg error: 120  
[2023-01-31 12:16:23] [WARNING]: 群消息发送失败: 账号可能被风控. 
[2023-01-31 12:16:49] [ERROR]: Protocol -> sendPacket msg error: 120  
[2023-01-31 12:16:54] [WARNING]: 群消息发送失败: 账号可能被风控. 
[2023-01-31 12:17:50] [ERROR]: Protocol -> sendPacket msg error: 120  
[2023-01-31 12:17:55] [WARNING]: 群消息发送失败: 账号可能被风控. 
[2023-01-31 12:29:16] [ERROR]: Protocol -> sendPacket msg error: 120  
[2023-01-31 12:29:21] [WARNING]: 群消息发送失败: 账号可能被风控. 
[2023-01-31 12:31:55] [ERROR]: Protocol -> sendPacket msg error: 120  
[2023-01-31 12:31:59] [WARNING]: 群消息发送失败: 账号可能被风控. 
[2023-01-31 12:40:41] [ERROR]: Protocol -> sendPacket msg error: 120  
[2023-01-31 12:40:46] [WARNING]: 群消息发送失败: 账号可能被风控. 
[2023-01-31 12:45:40] [ERROR]: Protocol -> sendPacket msg error: 120  
[2023-01-31 12:45:45] [WARNING]: 群消息发送失败: 账号可能被风控. 
[2023-01-31 12:50:42] [ERROR]: Protocol -> sendPacket msg error: 120  
[2023-01-31 12:50:47] [WARNING]: 群消息发送失败: 账号可能被风控. 
[2023-01-31 12:56:06] [ERROR]: Protocol -> sendPacket msg error: 120  
[2023-01-31 12:56:11] [WARNING]: 群消息发送失败: 账号可能被风控. 
[2023-01-31 12:59:08] [ERROR]: Protocol -> sendPacket msg error: 120  
[2023-01-31 12:59:13] [WARNING]: 群消息发送失败: 账号可能被风控. 
[2023-01-31 13:01:25] [ERROR]: Protocol -> sendPacket msg error: 120  
[2023-01-31 13:01:30] [WARNING]: 群消息发送失败: 账号可能被风控. 
[2023-01-31 13:06:06] [ERROR]: Protocol -> sendPacket msg error: 120  
[2023-01-31 13:06:11] [WARNING]: 群消息发送失败: 账号可能被风控. 
[2023-01-31 13:06:39] [ERROR]: Protocol -> sendPacket msg error: 120  
[2023-01-31 13:06:43] [WARNING]: 群消息发送失败: 账号可能被风控. 
[2023-01-31 13:13:10] [ERROR]: Protocol -> sendPacket msg error: 120  
[2023-01-31 13:13:15] [WARNING]: 群消息发送失败: 账号可能被风控. 
[2023-01-31 13:17:07] [ERROR]: Protocol -> sendPacket msg error: 120  
[2023-01-31 13:17:11] [WARNING]: 群消息发送失败: 账号可能被风控. 
[2023-01-31 13:21:45] [ERROR]: Protocol -> sendPacket msg error: 120  
[2023-01-31 13:21:50] [WARNING]: 群消息发送失败: 账号可能被风控. 
[2023-01-31 13:30:30] [ERROR]: Protocol -> sendPacket msg error: 120  
[2023-01-31 13:30:35] [WARNING]: 群消息发送失败: 账号可能被风控. 
[2023-01-31 13:30:36] [ERROR]: Protocol -> sendPacket msg error: 120  
[2023-01-31 13:30:40] [WARNING]: 群消息发送失败: 账号可能被风控. 
[2023-01-31 13:30:56] [ERROR]: Protocol -> sendPacket msg error: 120  
[2023-01-31 13:31:01] [WARNING]: 群消息发送失败: 账号可能被风控. 
[2023-01-31 13:38:03] [ERROR]: Protocol -> sendPacket msg error: 120  
[2023-01-31 13:38:08] [WARNING]: 群消息发送失败: 账号可能被风控. 
[2023-01-31 13:41:31] [WARNING]: 监听反向WS Universal时出现错误: read tcp 192.168.1.101:54530->43.248.98.5:65000: wsarecv: A connection attempt failed because the connected party did not properly respond after a period of time, or established connection failed because connected host has failed to respond. 
[2023-01-31 13:41:32] [WARNING]: 向反向WS Universal服务器推送 Event 时出现错误: write tcp 192.168.1.101:54530->43.248.98.5:65000: wsasend: An existing connection was forcibly closed by the remote host. 
[2023-01-31 13:41:56] [WARNING]: 连接到反向WebSocket Universal服务器 ws://botws.desu.life:65000 时出现错误: dial tcp 43.248.98.5:65000: connectex: A connection attempt failed because the connected party did not properly respond after a period of time, or established connection failed because connected host has failed to respond. 
[2023-01-31 13:56:37] [ERROR]: Protocol -> connect server error: dial tcp error: dial tcp 42.81.172.81:80: connectex: A socket operation was attempted to an unreachable network. 
[2023-01-31 13:56:37] [WARNING]: 恢复会话失败: dial tcp error: dial tcp 42.81.172.81:80: connectex: A socket operation was attempted to an unreachable network. , 尝试使用正常流程登录. 
[2023-01-31 13:56:38] [ERROR]: Protocol -> connect server error: dial tcp error: dial tcp 42.81.172.81:80: connectex: A socket operation was attempted to an unreachable network. 
[2023-01-31 13:56:38] [FATAL]: 登录时发生致命错误: dial tcp error: dial tcp 42.81.172.81:80: connectex: A socket operation was attempted to an unreachable network. 
[2023-01-31 13:59:13] [ERROR]: Protocol -> connect server error: dial tcp error: dial tcp 42.81.172.81:80: connectex: A socket operation was attempted to an unreachable network. 
[2023-01-31 13:59:13] [FATAL]: 登录时发生致命错误: dial tcp error: dial tcp 42.81.172.81:80: connectex: A socket operation was attempted to an unreachable network. 
[2023-01-31 13:59:41] [WARNING]: 登录需要滑条验证码, 请使用手机QQ扫描二维码以继续登录. 
[2023-01-31 14:00:11] [WARNING]: 警告: 心跳功能已关闭，若非预期，请检查配置文件。 
[2023-01-31 14:04:09] [WARNING]: 群消息发送失败: 账号可能被风控. 
[2023-01-31 14:08:13] [WARNING]: 群消息发送失败: 账号可能被风控. 
[2023-01-31 14:11:23] [WARNING]: 群消息发送失败: 账号可能被风控. 
[2023-01-31 14:15:50] [WARNING]: 群消息发送失败: 账号可能被风控. 
[2023-01-31 14:18:53] [WARNING]: 群消息发送失败: 账号可能被风控. 
[2023-01-31 14:31:51] [WARNING]: 监听反向WS Universal时出现错误: read tcp 192.168.1.101:49994->43.248.98.5:65000: wsarecv: A connection attempt failed because the connected party did not properly respond after a period of time, or established connection failed because connected host has failed to respond. 
[2023-01-31 14:31:58] [WARNING]: 向反向WS Universal服务器推送 Event 时出现错误: write tcp 192.168.1.101:49994->43.248.98.5:65000: use of closed network connection 
[2023-01-31 14:32:23] [WARNING]: 连接到反向WebSocket Universal服务器 ws://botws.desu.life:65000 时出现错误: dial tcp 43.248.98.5:65000: connectex: A connection attempt failed because the connected party did not properly respond after a period of time, or established connection failed because connected host has failed to respond. 
[2023-01-31 14:46:49] [WARNING]: 群消息发送失败: 账号可能被风控. 
[2023-01-31 15:18:32] [WARNING]: 语音文件 523EDA90-D97A-CD78-D87E-F91CC9905515.amr 下载失败: Get "http://grouptalk.c2c.qq.com": EOF 
[2023-01-31 17:10:19] [WARNING]: 群消息发送失败: 账号可能被风控. 
[2023-01-31 17:27:00] [WARNING]: 群消息发送失败: 账号可能被风控. 
[2023-01-31 17:31:46] [WARNING]: 群消息发送失败: 账号可能被风控. 
[2023-01-31 18:10:08] [WARNING]: 群消息发送失败: 账号可能被风控. 
[2023-01-31 18:20:04] [WARNING]: 语音文件 71A0A0D44728A24A8705B5D1D59F988A.amr 下载失败: Get "http://grouptalk.c2c.qq.com": EOF 
[2023-01-31 18:28:28] [WARNING]: 监听反向WS Universal时出现错误: read tcp 192.168.1.101:58844->43.248.98.5:65000: wsarecv: A connection attempt failed because the connected party did not properly respond after a period of time, or established connection failed because connected host has failed to respond. 
[2023-01-31 18:28:31] [WARNING]: 向反向WS Universal服务器推送 Event 时出现错误: write tcp 192.168.1.101:58844->43.248.98.5:65000: wsasend: An existing connection was forcibly closed by the remote host. 
[2023-01-31 18:28:55] [WARNING]: 连接到反向WebSocket Universal服务器 ws://botws.desu.life:65000 时出现错误: dial tcp 43.248.98.5:65000: connectex: A connection attempt failed because the connected party did not properly respond after a period of time, or established connection failed because connected host has failed to respond. 
[2023-01-31 18:38:23] [WARNING]: 群消息发送失败: 账号可能被风控. 
[2023-01-31 18:43:18] [WARNING]: 群消息发送失败: 账号可能被风控. 
[2023-01-31 18:43:54] [WARNING]: Bot已离线: 服务端强制下线. 
[2023-01-31 18:43:57] [WARNING]: 将在 3 秒后尝试重连. 重连次数：2/0 
[2023-01-31 18:44:00] [WARNING]: 尝试重连... 
[2023-01-31 18:44:00] [WARNING]: 快速重连失败: exchange_emp failed: 16 
[2023-01-31 18:44:00] [WARNING]: 快速重连失败, 尝试普通登录. 这可能是因为其他端强行T下线导致的. 
[2023-01-31 18:44:02] [WARNING]: 登录需要滑条验证码, 请使用手机QQ扫描二维码以继续登录. 
[2023-01-31 18:46:03] [FATAL]: 二维码过期 
[2023-01-31 18:52:48] [WARNING]: 恢复会话失败: exchange_emp failed: 16 , 尝试使用正常流程登录. 
[2023-01-31 18:52:49] [WARNING]: 登录需要滑条验证码, 请使用手机QQ扫描二维码以继续登录. 
[2023-01-31 18:54:54] [WARNING]: 登录需要滑条验证码, 请使用手机QQ扫描二维码以继续登录. 
[2023-01-31 18:55:14] [WARNING]: 警告: 心跳功能已关闭，若非预期，请检查配置文件。 
[2023-01-31 19:01:48] [WARNING]: Bot已离线: 服务端强制下线. 
[2023-01-31 19:01:51] [WARNING]: 将在 3 秒后尝试重连. 重连次数：2/0 
[2023-01-31 19:01:54] [WARNING]: 尝试重连... 
[2023-01-31 19:01:54] [WARNING]: 快速重连失败: exchange_emp failed: 15 
[2023-01-31 19:01:54] [WARNING]: 快速重连失败, 尝试普通登录. 这可能是因为其他端强行T下线导致的. 
[2023-01-31 19:01:56] [WARNING]: 登录需要滑条验证码, 请使用手机QQ扫描二维码以继续登录. 
[2023-01-31 19:03:57] [FATAL]: 二维码过期 
[2023-01-31 19:45:48] [WARNING]: 恢复会话失败: exchange_emp failed: 15 , 尝试使用正常流程登录. 
[2023-01-31 19:45:50] [WARNING]: 登录需要滑条验证码, 请使用手机QQ扫描二维码以继续登录. 
[2023-01-31 19:47:04] [WARNING]: 登录需要滑条验证码, 请使用手机QQ扫描二维码以继续登录. 
[2023-01-31 19:47:25] [WARNING]: 警告: 心跳功能已关闭，若非预期，请检查配置文件。 
